#
# There is insufficient memory for the Java Runtime Environment to continue.
# Native memory allocation (malloc) failed to allocate 1740384 bytes for Chunk::new
# Possible reasons:
#   The system is out of physical RAM or swap space
#   In 32 bit mode, the process size limit was hit
# Possible solutions:
#   Reduce memory load on the system
#   Increase physical memory or swap space
#   Check if swap backing store is full
#   Use 64 bit Java on a 64 bit OS
#   Decrease Java heap size (-Xmx/-Xms)
#   Decrease number of Java threads
#   Decrease Java thread stack sizes (-Xss)
#   Set larger code cache with -XX:ReservedCodeCacheSize=
# This output file may be truncated or incomplete.
#
#  Out of Memory Error (allocation.cpp:390), pid=13960, tid=0x0000000000001ed0
#
# JRE version: OpenJDK Runtime Environment (8.0_152-b06) (build 1.8.0_152-release-1136-b06)
# Java VM: OpenJDK 64-Bit Server VM (25.152-b06 mixed mode windows-amd64 compressed oops)
# Failed to write core dump. Minidumps are not enabled by default on client versions of Windows
#

---------------  T H R E A D  ---------------

Current thread (0x0000000018c68000):  JavaThread "C2 CompilerThread1" daemon [_thread_in_native, id=7888, stack(0x0000000019540000,0x0000000019640000)]

Stack: [0x0000000019540000,0x0000000019640000]
[error occurred during error reporting (printing stack bounds), id 0xc0000005]

Native frames: (J=compiled Java code, j=interpreted, Vv=VM code, C=native code)


Current CompileTask:
C2:   6133 4508       4       java.lang.reflect.Method::toString (20 bytes)


---------------  P R O C E S S  ---------------

Java Threads: ( => current thread )
  0x000000001e20c800 JavaThread "Memory manager" [_thread_blocked, id=11760, stack(0x0000000025170000,0x0000000025270000)]
  0x000000001e211000 JavaThread "pool-1-thread-1" [_thread_blocked, id=1616, stack(0x0000000024c70000,0x0000000024d70000)]
  0x000000001e205000 JavaThread "Build operations Thread 4" [_thread_blocked, id=9492, stack(0x0000000024860000,0x0000000024960000)]
  0x000000001e20a000 JavaThread "Build operations Thread 3" [_thread_blocked, id=2572, stack(0x0000000023780000,0x0000000023880000)]
  0x000000001e20b800 JavaThread "Build operations Thread 2" [_thread_blocked, id=14260, stack(0x0000000023680000,0x0000000023780000)]
  0x000000001e205800 JavaThread "Build operations" [_thread_blocked, id=7872, stack(0x0000000021f20000,0x0000000022020000)]
  0x000000001cf44800 JavaThread "Cache worker for Artifact transforms cache (C:\Users\Administrator\.gradle\caches\transforms-1)" [_thread_blocked, id=5100, stack(0x000000001f730000,0x000000001f830000)]
  0x000000001c2a0800 JavaThread "Cache worker for file hash cache (E:\FlyingWater\.gradle\4.6\fileHashes)" [_thread_blocked, id=7956, stack(0x000000001d190000,0x000000001d290000)]
  0x000000001abfc800 JavaThread "File lock request listener" [_thread_in_native, id=12852, stack(0x000000001c0c0000,0x000000001c1c0000)]
  0x000000001ac40800 JavaThread "Cache worker for file hash cache (C:\Users\Administrator\.gradle\caches\4.6\fileHashes)" [_thread_blocked, id=13512, stack(0x000000001bfc0000,0x000000001c0c0000)]
  0x000000001abb2800 JavaThread "Stdin handler" [_thread_blocked, id=9836, stack(0x000000001bcc0000,0x000000001bdc0000)]
  0x000000001ab9e800 JavaThread "Asynchronous log dispatcher for DefaultDaemonConnection: socket connection from /127.0.0.1:59660 to /127.0.0.1:59661" [_thread_blocked, id=12020, stack(0x000000001bbc0000,0x000000001bcc0000)]
  0x000000001abba000 JavaThread "Daemon worker" [_thread_in_Java, id=2540, stack(0x000000001bac0000,0x000000001bbc0000)]
  0x000000001abb9000 JavaThread "Cancel handler" [_thread_blocked, id=2588, stack(0x000000001b9c0000,0x000000001bac0000)]
  0x0000000018f97800 JavaThread "Handler for socket connection from /127.0.0.1:59660 to /127.0.0.1:59661" [_thread_in_native, id=6864, stack(0x000000001b6c0000,0x000000001b7c0000)]
  0x000000001aaa0000 JavaThread "Daemon" [_thread_blocked, id=12320, stack(0x000000001b5c0000,0x000000001b6c0000)]
  0x000000001a882800 JavaThread "Daemon periodic checks" [_thread_blocked, id=11124, stack(0x000000001b4c0000,0x000000001b5c0000)]
  0x000000001a888000 JavaThread "Incoming local TCP Connector on port 59660" [_thread_in_native, id=9688, stack(0x000000001b310000,0x000000001b410000)]
  0x0000000018c6f000 JavaThread "Service Thread" daemon [_thread_blocked, id=11060, stack(0x0000000019740000,0x0000000019840000)]
  0x0000000018c69000 JavaThread "C1 CompilerThread2" daemon [_thread_blocked, id=2024, stack(0x0000000019640000,0x0000000019740000)]
=>0x0000000018c68000 JavaThread "C2 CompilerThread1" daemon [_thread_in_native, id=7888, stack(0x0000000019540000,0x0000000019640000)]
  0x0000000018c66000 JavaThread "C2 CompilerThread0" daemon [_thread_in_native, id=14000, stack(0x0000000019440000,0x0000000019540000)]
  0x0000000018c59000 JavaThread "JDWP Event Helper Thread" daemon [_thread_blocked, id=12596, stack(0x0000000019340000,0x0000000019440000)]
  0x0000000018c56800 JavaThread "JDWP Transport Listener: dt_socket" daemon [_thread_in_native, id=10572, stack(0x0000000019240000,0x0000000019340000)]
  0x00000000178fe000 JavaThread "Attach Listener" daemon [_thread_blocked, id=8524, stack(0x0000000019140000,0x0000000019240000)]
  0x0000000018c48800 JavaThread "Signal Dispatcher" daemon [_thread_blocked, id=9284, stack(0x0000000019040000,0x0000000019140000)]
  0x00000000178d8800 JavaThread "Finalizer" daemon [_thread_blocked, id=10196, stack(0x0000000018b40000,0x0000000018c40000)]
  0x0000000002da3000 JavaThread "Reference Handler" daemon [_thread_blocked, id=12452, stack(0x0000000018a40000,0x0000000018b40000)]
  0x0000000002cb2800 JavaThread "main" [_thread_blocked, id=3040, stack(0x0000000002bb0000,0x0000000002cb0000)]

Other Threads:
  0x00000000178b5800 VMThread [stack: 0x0000000018940000,0x0000000018a40000] [id=13356]
  0x0000000018c71800 WatcherThread [stack: 0x0000000019840000,0x0000000019940000] [id=9700]

VM state:not at safepoint (normal execution)

VM Mutex/Monitor currently owned by a thread: None

Heap:
 PSYoungGen      total 94720K, used 11243K [0x00000000d5e00000, 0x00000000dc500000, 0x0000000100000000)
  eden space 84992K, 5% used [0x00000000d5e00000,0x00000000d62f4b88,0x00000000db100000)
  from space 9728K, 63% used [0x00000000dbb80000,0x00000000dc186138,0x00000000dc500000)
  to   space 10240K, 0% used [0x00000000db100000,0x00000000db100000,0x00000000dbb00000)
 ParOldGen       total 99840K, used 17254K [0x0000000081a00000, 0x0000000087b80000, 0x00000000d5e00000)
  object space 99840K, 17% used [0x0000000081a00000,0x0000000082ad99e8,0x0000000087b80000)
 Metaspace       used 41010K, capacity 41976K, committed 42200K, reserved 1085440K
  class space    used 5476K, capacity 5811K, committed 5888K, reserved 1048576K

Card table byte_map: [0x0000000012170000,0x0000000012570000] byte_map_base: 0x0000000011d63000

Marking Bits: (ParMarkBitMap*) 0x0000000065eb5aa0
 Begin Bits: [0x0000000012c20000, 0x0000000014bb8000)
 End Bits:   [0x0000000014bb8000, 0x0000000016b50000)

Polling page: 0x0000000000ab0000

CodeCache: size=245760Kb used=15837Kb max_used=15837Kb free=229922Kb
 bounds [0x0000000002db0000, 0x0000000003d40000, 0x0000000011db0000]
 total_blobs=5099 nmethods=4387 adapters=632
 compilation: enabled

Compilation events (10 events):
Event: 6.125 Thread 0x0000000018c69000 4781       2       java.lang.invoke.MethodTypeForm::cachedLambdaForm (44 bytes)
Event: 6.125 Thread 0x0000000018c69000 nmethod 4781 0x0000000003d1d2d0 code [0x0000000003d1d440, 0x0000000003d1d630]
Event: 6.125 Thread 0x0000000018c69000 4782       2       org.gradle.internal.ImmutableActionSet::empty (10 bytes)
Event: 6.125 Thread 0x0000000018c69000 nmethod 4782 0x0000000003d1cfd0 code [0x0000000003d1d120, 0x0000000003d1d250]
Event: 6.126 Thread 0x0000000018c69000 4784       2       jdk.internal.org.objectweb.asm.Frame::pop (53 bytes)
Event: 6.126 Thread 0x0000000018c69000 nmethod 4784 0x0000000003d30690 code [0x0000000003d30840, 0x0000000003d30b68]
Event: 6.127 Thread 0x0000000018c69000 4785       2       java.lang.invoke.MethodHandleNatives::refKindIsField (32 bytes)
Event: 6.127 Thread 0x0000000018c69000 nmethod 4785 0x0000000003d1cc90 code [0x0000000003d1cde0, 0x0000000003d1cf30]
Event: 6.127 Thread 0x0000000018c69000 4786       2       jdk.internal.org.objectweb.asm.MethodWriter::visitInsn (106 bytes)
Event: 6.127 Thread 0x0000000018c69000 nmethod 4786 0x0000000003d30dd0 code [0x0000000003d30f60, 0x0000000003d31208]

GC Heap History (10 events):
Event: 3.993 GC heap before
{Heap before GC invocations=8 (full 1):
 PSYoungGen      total 71680K, used 71676K [0x00000000d5e00000, 0x00000000da900000, 0x0000000100000000)
  eden space 66560K, 100% used [0x00000000d5e00000,0x00000000d9f00000,0x00000000d9f00000)
  from space 5120K, 99% used [0x00000000da400000,0x00000000da8ff0e0,0x00000000da900000)
  to   space 5120K, 0% used [0x00000000d9f00000,0x00000000d9f00000,0x00000000da400000)
 ParOldGen       total 63488K, used 10346K [0x0000000081a00000, 0x0000000085800000, 0x00000000d5e00000)
  object space 63488K, 16% used [0x0000000081a00000,0x000000008241a958,0x0000000085800000)
 Metaspace       used 30425K, capacity 31232K, committed 31488K, reserved 1077248K
  class space    used 4233K, capacity 4493K, committed 4608K, reserved 1048576K
Event: 4.003 GC heap after
Heap after GC invocations=8 (full 1):
 PSYoungGen      total 71680K, used 5088K [0x00000000d5e00000, 0x00000000da900000, 0x0000000100000000)
  eden space 66560K, 0% used [0x00000000d5e00000,0x00000000d5e00000,0x00000000d9f00000)
  from space 5120K, 99% used [0x00000000d9f00000,0x00000000da3f8020,0x00000000da400000)
  to   space 5120K, 0% used [0x00000000da400000,0x00000000da400000,0x00000000da900000)
 ParOldGen       total 63488K, used 15011K [0x0000000081a00000, 0x0000000085800000, 0x00000000d5e00000)
  object space 63488K, 23% used [0x0000000081a00000,0x00000000828a8d80,0x0000000085800000)
 Metaspace       used 30425K, capacity 31232K, committed 31488K, reserved 1077248K
  class space    used 4233K, capacity 4493K, committed 4608K, reserved 1048576K
}
Event: 4.666 GC heap before
{Heap before GC invocations=9 (full 1):
 PSYoungGen      total 71680K, used 71648K [0x00000000d5e00000, 0x00000000da900000, 0x0000000100000000)
  eden space 66560K, 100% used [0x00000000d5e00000,0x00000000d9f00000,0x00000000d9f00000)
  from space 5120K, 99% used [0x00000000d9f00000,0x00000000da3f8020,0x00000000da400000)
  to   space 5120K, 0% used [0x00000000da400000,0x00000000da400000,0x00000000da900000)
 ParOldGen       total 63488K, used 15011K [0x0000000081a00000, 0x0000000085800000, 0x00000000d5e00000)
  object space 63488K, 23% used [0x0000000081a00000,0x00000000828a8d80,0x0000000085800000)
 Metaspace       used 33049K, capacity 33862K, committed 34048K, reserved 1079296K
  class space    used 4483K, capacity 4750K, committed 4864K, reserved 1048576K
Event: 4.680 GC heap after
Heap after GC invocations=9 (full 1):
 PSYoungGen      total 71680K, used 5120K [0x00000000d5e00000, 0x00000000da900000, 0x0000000100000000)
  eden space 66560K, 0% used [0x00000000d5e00000,0x00000000d5e00000,0x00000000d9f00000)
  from space 5120K, 100% used [0x00000000da400000,0x00000000da900000,0x00000000da900000)
  to   space 5120K, 0% used [0x00000000d9f00000,0x00000000d9f00000,0x00000000da400000)
 ParOldGen       total 63488K, used 17314K [0x0000000081a00000, 0x0000000085800000, 0x00000000d5e00000)
  object space 63488K, 27% used [0x0000000081a00000,0x0000000082ae8828,0x0000000085800000)
 Metaspace       used 33049K, capacity 33862K, committed 34048K, reserved 1079296K
  class space    used 4483K, capacity 4750K, committed 4864K, reserved 1048576K
}
Event: 5.445 GC heap before
{Heap before GC invocations=10 (full 1):
 PSYoungGen      total 71680K, used 45066K [0x00000000d5e00000, 0x00000000da900000, 0x0000000100000000)
  eden space 66560K, 60% used [0x00000000d5e00000,0x00000000d8502890,0x00000000d9f00000)
  from space 5120K, 100% used [0x00000000da400000,0x00000000da900000,0x00000000da900000)
  to   space 5120K, 0% used [0x00000000d9f00000,0x00000000d9f00000,0x00000000da400000)
 ParOldGen       total 63488K, used 17314K [0x0000000081a00000, 0x0000000085800000, 0x00000000d5e00000)
  object space 63488K, 27% used [0x0000000081a00000,0x0000000082ae8828,0x0000000085800000)
 Metaspace       used 34528K, capacity 35330K, committed 35416K, reserved 1079296K
  class space    used 4687K, capacity 4939K, committed 4992K, reserved 1048576K
Event: 5.453 GC heap after
Heap after GC invocations=10 (full 1):
 PSYoungGen      total 71680K, used 5120K [0x00000000d5e00000, 0x00000000dc600000, 0x0000000100000000)
  eden space 66560K, 0% used [0x00000000d5e00000,0x00000000d5e00000,0x00000000d9f00000)
  from space 5120K, 100% used [0x00000000d9f00000,0x00000000da400000,0x00000000da400000)
  to   space 10752K, 0% used [0x00000000dbb80000,0x00000000dbb80000,0x00000000dc600000)
 ParOldGen       total 63488K, used 20098K [0x0000000081a00000, 0x0000000085800000, 0x00000000d5e00000)
  object space 63488K, 31% used [0x0000000081a00000,0x0000000082da0ac0,0x0000000085800000)
 Metaspace       used 34528K, capacity 35330K, committed 35416K, reserved 1079296K
  class space    used 4687K, capacity 4939K, committed 4992K, reserved 1048576K
}
Event: 5.453 GC heap before
{Heap before GC invocations=11 (full 2):
 PSYoungGen      total 71680K, used 5120K [0x00000000d5e00000, 0x00000000dc600000, 0x0000000100000000)
  eden space 66560K, 0% used [0x00000000d5e00000,0x00000000d5e00000,0x00000000d9f00000)
  from space 5120K, 100% used [0x00000000d9f00000,0x00000000da400000,0x00000000da400000)
  to   space 10752K, 0% used [0x00000000dbb80000,0x00000000dbb80000,0x00000000dc600000)
 ParOldGen       total 63488K, used 20098K [0x0000000081a00000, 0x0000000085800000, 0x00000000d5e00000)
  object space 63488K, 31% used [0x0000000081a00000,0x0000000082da0ac0,0x0000000085800000)
 Metaspace       used 34528K, capacity 35330K, committed 35416K, reserved 1079296K
  class space    used 4687K, capacity 4939K, committed 4992K, reserved 1048576K
Event: 5.511 GC heap after
Heap after GC invocations=11 (full 2):
 PSYoungGen      total 71680K, used 0K [0x00000000d5e00000, 0x00000000dc600000, 0x0000000100000000)
  eden space 66560K, 0% used [0x00000000d5e00000,0x00000000d5e00000,0x00000000d9f00000)
  from space 5120K, 0% used [0x00000000d9f00000,0x00000000d9f00000,0x00000000da400000)
  to   space 10752K, 0% used [0x00000000dbb80000,0x00000000dbb80000,0x00000000dc600000)
 ParOldGen       total 99840K, used 17246K [0x0000000081a00000, 0x0000000087b80000, 0x00000000d5e00000)
  object space 99840K, 17% used [0x0000000081a00000,0x0000000082ad79e8,0x0000000087b80000)
 Metaspace       used 34528K, capacity 35330K, committed 35416K, reserved 1079296K
  class space    used 4687K, capacity 4939K, committed 4992K, reserved 1048576K
}
Event: 6.062 GC heap before
{Heap before GC invocations=12 (full 2):
 PSYoungGen      total 71680K, used 66560K [0x00000000d5e00000, 0x00000000dc600000, 0x0000000100000000)
  eden space 66560K, 100% used [0x00000000d5e00000,0x00000000d9f00000,0x00000000d9f00000)
  from space 5120K, 0% used [0x00000000d9f00000,0x00000000d9f00000,0x00000000da400000)
  to   space 10752K, 0% used [0x00000000dbb80000,0x00000000dbb80000,0x00000000dc600000)
 ParOldGen       total 99840K, used 17246K [0x0000000081a00000, 0x0000000087b80000, 0x00000000d5e00000)
  object space 99840K, 17% used [0x0000000081a00000,0x0000000082ad79e8,0x0000000087b80000)
 Metaspace       used 40539K, capacity 41466K, committed 41560K, reserved 1085440K
  class space    used 5409K, capacity 5708K, committed 5760K, reserved 1048576K
Event: 6.073 GC heap after
Heap after GC invocations=12 (full 2):
 PSYoungGen      total 94720K, used 6168K [0x00000000d5e00000, 0x00000000dc500000, 0x0000000100000000)
  eden space 84992K, 0% used [0x00000000d5e00000,0x00000000d5e00000,0x00000000db100000)
  from space 9728K, 63% used [0x00000000dbb80000,0x00000000dc186138,0x00000000dc500000)
  to   space 10240K, 0% used [0x00000000db100000,0x00000000db100000,0x00000000dbb00000)
 ParOldGen       total 99840K, used 17254K [0x0000000081a00000, 0x0000000087b80000, 0x00000000d5e00000)
  object space 99840K, 17% used [0x0000000081a00000,0x0000000082ad99e8,0x0000000087b80000)
 Metaspace       used 40539K, capacity 41466K, committed 41560K, reserved 1085440K
  class space    used 5409K, capacity 5708K, committed 5760K, reserved 1048576K
}

Deoptimization events (10 events):
Event: 5.441 Thread 0x000000001abba000 Uncommon trap: reason=class_check action=maybe_recompile pc=0x00000000036e523c method=java.io.BufferedInputStream.read1([BII)I @ 39
Event: 5.441 Thread 0x000000001abba000 Uncommon trap: reason=class_check action=maybe_recompile pc=0x00000000036e523c method=java.io.BufferedInputStream.read1([BII)I @ 39
Event: 5.560 Thread 0x000000001abba000 Uncommon trap: reason=unstable_if action=reinterpret pc=0x00000000039a6df8 method=java.lang.Integer.valueOf(I)Ljava/lang/Integer; @ 10
Event: 5.589 Thread 0x000000001abba000 Uncommon trap: reason=unstable_if action=reinterpret pc=0x00000000033670cc method=java.security.CodeSource.hashCode()I @ 4
Event: 5.784 Thread 0x000000001abba000 Uncommon trap: reason=null_check action=make_not_entrant pc=0x0000000002f5a188 method=java.lang.ThreadLocal$ThreadLocalMap.getEntryAfterMiss(Ljava/lang/ThreadLocal;ILjava/lang/ThreadLocal$ThreadLocalMap$Entry;)Ljava/lang/ThreadLocal$ThreadLocalMap$Entry; 
Event: 5.924 Thread 0x000000001abba000 Uncommon trap: reason=unstable_if action=reinterpret pc=0x0000000003865c98 method=java.util.HashMap.putVal(ILjava/lang/Object;Ljava/lang/Object;ZZ)Ljava/lang/Object; @ 162
Event: 5.924 Thread 0x000000001abba000 Uncommon trap: reason=unstable_if action=reinterpret pc=0x000000000385a938 method=java.util.HashMap.putVal(ILjava/lang/Object;Ljava/lang/Object;ZZ)Ljava/lang/Object; @ 162
Event: 5.924 Thread 0x000000001abba000 Uncommon trap: reason=unstable_if action=reinterpret pc=0x0000000003073718 method=java.util.HashMap.resize()[Ljava/util/HashMap$Node; @ 206
Event: 5.980 Thread 0x000000001abba000 Uncommon trap: reason=unstable_if action=reinterpret pc=0x0000000003c70150 method=java.lang.reflect.Modifier.toString(I)Ljava/lang/String; @ 123
Event: 5.980 Thread 0x000000001abba000 Uncommon trap: reason=unstable_if action=reinterpret pc=0x0000000003c4a418 method=java.lang.reflect.Modifier.toString(I)Ljava/lang/String; @ 123

Classes redefined (0 events):
No events

Internal exceptions (10 events):
Event: 5.301 Thread 0x000000001abba000 Exception <a 'java/lang/ClassNotFoundException': org/gradle/api/internal/ConventionTaskCustomizer> (0x00000000d7d61000) thrown at [D:\src\AOSP-openjdk-cygwin\jdk8u\hotspot\src\share\vm\classfile\systemDictionary.cpp, line 210]
Event: 5.302 Thread 0x000000001abba000 Exception <a 'java/lang/ClassNotFoundException': org/gradle/api/tasks/DeleteCustomizer> (0x00000000d7d9ace0) thrown at [D:\src\AOSP-openjdk-cygwin\jdk8u\hotspot\src\share\vm\classfile\systemDictionary.cpp, line 210]
Event: 5.304 Thread 0x000000001abba000 Exception <a 'java/lang/ClassNotFoundException': org/gradle/api/tasks/Delete_DecoratedCustomizer> (0x00000000d7de32c8) thrown at [D:\src\AOSP-openjdk-cygwin\jdk8u\hotspot\src\share\vm\classfile\systemDictionary.cpp, line 210]
Event: 5.331 Thread 0x000000001abba000 Exception <a 'java/lang/ClassNotFoundException': build_brb2ljrm3ovuyr1sdngg8zyvxBeanInfo> (0x00000000d7ee2660) thrown at [D:\src\AOSP-openjdk-cygwin\jdk8u\hotspot\src\share\vm\classfile\systemDictionary.cpp, line 210]
Event: 5.331 Thread 0x000000001abba000 Exception <a 'java/lang/ClassNotFoundException': build_brb2ljrm3ovuyr1sdngg8zyvxCustomizer> (0x00000000d7eecd90) thrown at [D:\src\AOSP-openjdk-cygwin\jdk8u\hotspot\src\share\vm\classfile\systemDictionary.cpp, line 210]
Event: 5.374 Thread 0x000000001abba000 Exception <a 'java/lang/ClassNotFoundException': build_brb2ljrm3ovuyr1sdngg8zyvxBeanInfo> (0x00000000d7fe56c0) thrown at [D:\src\AOSP-openjdk-cygwin\jdk8u\hotspot\src\share\vm\classfile\systemDictionary.cpp, line 210]
Event: 5.374 Thread 0x000000001abba000 Exception <a 'java/lang/ClassNotFoundException': build_brb2ljrm3ovuyr1sdngg8zyvxCustomizer> (0x00000000d7ff0118) thrown at [D:\src\AOSP-openjdk-cygwin\jdk8u\hotspot\src\share\vm\classfile\systemDictionary.cpp, line 210]
Event: 5.589 Thread 0x000000001abba000 Implicit null exception at 0x0000000003366d9a to 0x00000000033670bd
Event: 5.660 Thread 0x000000001abba000 Exception <a 'sun/nio/fs/WindowsException'> (0x00000000d66fbb10) thrown at [D:\src\AOSP-openjdk-cygwin\jdk8u\hotspot\src\share\vm\prims\jni.cpp, line 709]
Event: 5.784 Thread 0x000000001abba000 Implicit null exception at 0x0000000002f59759 to 0x0000000002f5a149

Events (10 events):
Event: 6.130 Thread 0x000000001abba000 DEOPT PACKING pc=0x00000000033c034c sp=0x000000001bbba100
Event: 6.130 Thread 0x000000001abba000 DEOPT UNPACKING pc=0x0000000002df75d0 sp=0x000000001bbb9e40 mode 1
Event: 6.130 loading class org/gradle/api/internal/NullNamingPropertyException
Event: 6.130 loading class org/gradle/api/internal/NullNamingPropertyException done
Event: 6.130 Thread 0x000000001abba000 DEOPT PACKING pc=0x00000000033c0450 sp=0x000000001bbb9fa0
Event: 6.130 Thread 0x000000001abba000 DEOPT UNPACKING pc=0x0000000002df75d0 sp=0x000000001bbb9ce0 mode 1
Event: 6.130 Thread 0x000000001abba000 DEOPT PACKING pc=0x00000000033c034c sp=0x000000001bbba050
Event: 6.130 Thread 0x000000001abba000 DEOPT UNPACKING pc=0x0000000002df75d0 sp=0x000000001bbb9d90 mode 1
Event: 6.130 Thread 0x000000001abba000 DEOPT PACKING pc=0x00000000033c034c sp=0x000000001bbba100
Event: 6.130 Thread 0x000000001abba000 DEOPT UNPACKING pc=0x0000000002df75d0 sp=0x000000001bbb9e40 mode 1


Dynamic libraries:
0x00007ff686ec0000 - 0x00007ff686ef1000 	D:\Program Files\Android\Android Studio\jre\bin\java.exe
0x00007ff922950000 - 0x00007ff922b31000 	C:\WINDOWS\SYSTEM32\ntdll.dll
0x00007ff91fe70000 - 0x00007ff91ff22000 	C:\WINDOWS\System32\KERNEL32.DLL
0x00007ff91f050000 - 0x00007ff91f2c3000 	C:\WINDOWS\System32\KERNELBASE.dll
0x00007ff922420000 - 0x00007ff9224c1000 	C:\WINDOWS\System32\ADVAPI32.dll
0x00007ff922370000 - 0x00007ff92240e000 	C:\WINDOWS\System32\msvcrt.dll
0x00007ff9209e0000 - 0x00007ff920a3b000 	C:\WINDOWS\System32\sechost.dll
0x00007ff9201f0000 - 0x00007ff920314000 	C:\WINDOWS\System32\RPCRT4.dll
0x00007ff9221e0000 - 0x00007ff922370000 	C:\WINDOWS\System32\USER32.dll
0x00007ff91ee90000 - 0x00007ff91eeb0000 	C:\WINDOWS\System32\win32u.dll
0x00007ff920320000 - 0x00007ff920348000 	C:\WINDOWS\System32\GDI32.dll
0x00007ff91eeb0000 - 0x00007ff91f042000 	C:\WINDOWS\System32\gdi32full.dll
0x00007ff91ed20000 - 0x00007ff91edbf000 	C:\WINDOWS\System32\msvcp_win.dll
0x00007ff91f4c0000 - 0x00007ff91f5ba000 	C:\WINDOWS\System32\ucrtbase.dll
0x00007ff911b80000 - 0x00007ff911de9000 	C:\WINDOWS\WinSxS\amd64_microsoft.windows.common-controls_6595b64144ccf1df_6.0.17134.472_none_fb3f9af53068156d\COMCTL32.dll
0x00007ff9203d0000 - 0x00007ff9206f2000 	C:\WINDOWS\System32\combase.dll
0x00007ff91edc0000 - 0x00007ff91ee3a000 	C:\WINDOWS\System32\bcryptPrimitives.dll
0x00007ff920830000 - 0x00007ff92085d000 	C:\WINDOWS\System32\IMM32.DLL
0x0000000065610000 - 0x00000000656e2000 	D:\Program Files\Android\Android Studio\jre\jre\bin\msvcr100.dll
0x00000000656f0000 - 0x0000000065f31000 	D:\Program Files\Android\Android Studio\jre\jre\bin\server\jvm.dll
0x00007ff922410000 - 0x00007ff922418000 	C:\WINDOWS\System32\PSAPI.DLL
0x00007ff90f6d0000 - 0x00007ff90f6da000 	C:\WINDOWS\SYSTEM32\VERSION.dll
0x00007ff91ca30000 - 0x00007ff91ca53000 	C:\WINDOWS\SYSTEM32\WINMM.dll
0x00007ff8fa4b0000 - 0x00007ff8fa4b9000 	C:\WINDOWS\SYSTEM32\WSOCK32.dll
0x00007ff91fe00000 - 0x00007ff91fe6c000 	C:\WINDOWS\System32\WS2_32.dll
0x00007ff91c810000 - 0x00007ff91c83a000 	C:\WINDOWS\SYSTEM32\WINMMBASE.dll
0x00007ff91ee40000 - 0x00007ff91ee89000 	C:\WINDOWS\System32\cfgmgr32.dll
0x00007ff8f9470000 - 0x00007ff8f947f000 	D:\Program Files\Android\Android Studio\jre\jre\bin\verify.dll
0x00007ff8f9440000 - 0x00007ff8f9469000 	D:\Program Files\Android\Android Studio\jre\jre\bin\java.dll
0x00007ff911e80000 - 0x00007ff911eb5000 	D:\Program Files\Android\Android Studio\jre\jre\bin\jdwp.dll
0x00007ff91b690000 - 0x00007ff91b698000 	D:\Program Files\Android\Android Studio\jre\jre\bin\npt.dll
0x00007ff8f8c50000 - 0x00007ff8f8c66000 	D:\Program Files\Android\Android Studio\jre\jre\bin\zip.dll
0x00007ff920c50000 - 0x00007ff922090000 	C:\WINDOWS\System32\SHELL32.dll
0x00007ff920a40000 - 0x00007ff920ae9000 	C:\WINDOWS\System32\shcore.dll
0x00007ff91f5c0000 - 0x00007ff91fccd000 	C:\WINDOWS\System32\windows.storage.dll
0x00007ff91ff50000 - 0x00007ff91ffa1000 	C:\WINDOWS\System32\shlwapi.dll
0x00007ff91ecc0000 - 0x00007ff91ecd1000 	C:\WINDOWS\System32\kernel.appcore.dll
0x00007ff91ece0000 - 0x00007ff91ecff000 	C:\WINDOWS\System32\profapi.dll
0x00007ff91ec70000 - 0x00007ff91ecbc000 	C:\WINDOWS\System32\powrprof.dll
0x00007ff91ec60000 - 0x00007ff91ec6a000 	C:\WINDOWS\System32\FLTLIB.DLL
0x00007ff915760000 - 0x00007ff915769000 	D:\Program Files\Android\Android Studio\jre\jre\bin\dt_socket.dll
0x00007ff91e480000 - 0x00007ff91e4e6000 	C:\WINDOWS\system32\mswsock.dll
0x00007ff8f8c30000 - 0x00007ff8f8c4a000 	D:\Program Files\Android\Android Studio\jre\jre\bin\net.dll
0x00007ff8f8c10000 - 0x00007ff8f8c21000 	D:\Program Files\Android\Android Studio\jre\jre\bin\nio.dll
0x00007ff910910000 - 0x00007ff91092e000 	C:\Users\Administrator\.gradle\native\25\windows-amd64\native-platform.dll
0x00007ff8f9430000 - 0x00007ff8f943d000 	D:\Program Files\Android\Android Studio\jre\jre\bin\management.dll
0x00007ff91e630000 - 0x00007ff91e647000 	C:\WINDOWS\SYSTEM32\CRYPTSP.dll
0x00007ff91e060000 - 0x00007ff91e093000 	C:\WINDOWS\system32\rsaenh.dll
0x00007ff91e760000 - 0x00007ff91e785000 	C:\WINDOWS\SYSTEM32\bcrypt.dll
0x00007ff91eb90000 - 0x00007ff91ebb8000 	C:\WINDOWS\SYSTEM32\USERENV.dll
0x00007ff91e650000 - 0x00007ff91e65b000 	C:\WINDOWS\SYSTEM32\CRYPTBASE.dll
0x00007ff91e200000 - 0x00007ff91e238000 	C:\WINDOWS\SYSTEM32\IPHLPAPI.DLL
0x00007ff91fde0000 - 0x00007ff91fde8000 	C:\WINDOWS\System32\NSI.dll
0x00007ff915b60000 - 0x00007ff915b76000 	C:\WINDOWS\SYSTEM32\dhcpcsvc6.DLL
0x00007ff915b40000 - 0x00007ff915b5a000 	C:\WINDOWS\SYSTEM32\dhcpcsvc.DLL

VM Arguments:
jvm_args: -agentlib:jdwp=transport=dt_socket,server=y,suspend=n,address=5008 -Dfile.encoding=GBK -Duser.country=CN -Duser.language=zh -Duser.variant 
java_command: org.gradle.launcher.daemon.bootstrap.GradleDaemon 4.6
java_class_path (initial): C:\Users\Administrator\.gradle\wrapper\dists\gradle-4.6-all\bcst21l2brirad8k2ben1letg\gradle-4.6\lib\gradle-launcher-4.6.jar
Launcher Type: SUN_STANDARD

Environment Variables:
JAVA_HOME=D:\Program Files\Java\jdk1.8.0_131
CLASSPATH=.;D:\Program Files\Java\jdk1.8.0_131\lib\dt.jar;D:\Program Files\Java\jdk1.8.0_131\lib\tools.jar;D:\androidSDK\platforms\android-22\android.jar;D:\androidSDK\extras\android\support\v4\android-support-v4.jar;D:\androidSDK\extras\android\support\v7\appcompat\libs\android-support-v7-appcompat.jar
PATH=D:\Program Files\Java\jdk1.8.0_131\bin;D:\Program Files\Java\jdk1.8.0_131\jre\bin;C:\ProgramData\Oracle\Java\javapath;C:\WINDOWS\system32;C:\WINDOWS;C:\WINDOWS\System32\Wbem;C:\WINDOWS\System32\WindowsPowerShell\v1.0\;C:\WINDOWS\System32\OpenSSH\;E:\Program Files\Git\cmd;C:\Users\Administrator\AppData\Local\Programs\Python\Python37\Scripts\;C:\Users\Administrator\AppData\Local\Programs\Python\Python37\;C:\Users\Administrator\AppData\Local\Microsoft\WindowsApps;C:\Users\Administrator\.gradle\wrapper\dists\gradle-4.1-all\bzyivzo6n839fup2jbap0tjew\gradle-4.1\bin;D:\androidSDK\build-tools;D:\androidSDK\platform-tools;D:\androidSDK\ndk-bundle;
USERNAME=Administrator
OS=Windows_NT
PROCESSOR_IDENTIFIER=Intel64 Family 6 Model 158 Stepping 9, GenuineIntel



---------------  S Y S T E M  ---------------

OS: Windows 10.0 , 64 bit Build 17134 (10.0.17134.1)

CPU:total 4 (initial active 4) (4 cores per cpu, 1 threads per core) family 6 model 158 stepping 9, cmov, cx8, fxsr, mmx, sse, sse2, sse3, ssse3, sse4.1, sse4.2, popcnt, avx, avx2, aes, clmul, erms, rtm, 3dnowpref, lzcnt, tsc, tscinvbit, bmi1, bmi2, adx

Memory: 4k page, physical 8278116k(714812k free), swap 14920288k(5232k free)

vm_info: OpenJDK 64-Bit Server VM (25.152-b06) for windows-amd64 JRE (1.8.0_152-release-1136-b06), built by "builder" with MS VC++ 10.0 (VS2010)

time: Thu Jan 31 18:46:47 2019
elapsed time: 6 seconds (0d 0h 0m 6s)

