#
# There is insufficient memory for the Java Runtime Environment to continue.
# Native memory allocation (malloc) failed to allocate 32744 bytes for ChunkPool::allocate
# Possible reasons:
#   The system is out of physical RAM or swap space
#   In 32 bit mode, the process size limit was hit
# Possible solutions:
#   Reduce memory load on the system
#   Increase physical memory or swap space
#   Check if swap backing store is full
#   Use 64 bit Java on a 64 bit OS
#   Decrease Java heap size (-Xmx/-Xms)
#   Decrease number of Java threads
#   Decrease Java thread stack sizes (-Xss)
#   Set larger code cache with -XX:ReservedCodeCacheSize=
# This output file may be truncated or incomplete.
#
#  Out of Memory Error (allocation.cpp:273), pid=9664, tid=0x0000000000000ac8
#
# JRE version: Java(TM) SE Runtime Environment (8.0_131-b11) (build 1.8.0_131-b11)
# Java VM: Java HotSpot(TM) 64-Bit Server VM (25.131-b11 mixed mode windows-amd64 compressed oops)
# Failed to write core dump. Minidumps are not enabled by default on client versions of Windows
#

---------------  T H R E A D  ---------------

Current thread (0x000000001914b800):  JavaThread "C2 CompilerThread0" daemon [_thread_in_native, id=2760, stack(0x0000000019920000,0x0000000019a20000)]

Stack: [0x0000000019920000,0x0000000019a20000]
[error occurred during error reporting (printing stack bounds), id 0xc0000005]

Native frames: (J=compiled Java code, j=interpreted, Vv=VM code, C=native code)


Current CompileTask:
C2:   5404 2700       4       java.net.URLClassLoader$1::run (5 bytes)


---------------  P R O C E S S  ---------------

Java Threads: ( => current thread )
  0x000000001a7d1800 JavaThread "Cache worker for Artifact transforms cache (C:\Users\Administrator\.gradle\caches\transforms-1)" [_thread_blocked, id=11364, stack(0x0000000021390000,0x0000000021490000)]
  0x000000001a7cf800 JavaThread "Cache worker for file hash cache (E:\FlyingWater\.gradle\4.1\fileHashes)" [_thread_blocked, id=10136, stack(0x000000001d890000,0x000000001d990000)]
  0x000000001a7d0000 JavaThread "File lock request listener" [_thread_in_native, id=13504, stack(0x000000001d690000,0x000000001d790000)]
  0x000000001a7ce000 JavaThread "Cache worker for file hash cache (C:\Users\Administrator\.gradle\caches\4.1\fileHashes)" [_thread_blocked, id=3312, stack(0x000000001d590000,0x000000001d690000)]
  0x000000001b335800 JavaThread "Stdin handler" [_thread_blocked, id=14172, stack(0x000000001d290000,0x000000001d390000)]
  0x000000001b334800 JavaThread "Asynchronous log dispatcher for DefaultDaemonConnection: socket connection from /127.0.0.1:59220 to /127.0.0.1:59221" [_thread_blocked, id=12320, stack(0x000000001d190000,0x000000001d290000)]
  0x000000001aa0c000 JavaThread "Daemon worker" [_thread_blocked, id=6476, stack(0x000000001d090000,0x000000001d190000)]
  0x000000001ab15000 JavaThread "Cancel handler" [_thread_blocked, id=13356, stack(0x000000001cf90000,0x000000001d090000)]
  0x000000001aad6000 JavaThread "Handler for socket connection from /127.0.0.1:59220 to /127.0.0.1:59221" [_thread_in_native, id=7580, stack(0x000000001cc90000,0x000000001cd90000)]
  0x000000001aad5800 JavaThread "Daemon" [_thread_blocked, id=13936, stack(0x000000001cb90000,0x000000001cc90000)]
  0x000000001b3f0000 JavaThread "Daemon periodic checks" [_thread_blocked, id=4444, stack(0x000000001ca90000,0x000000001cb90000)]
  0x000000001b3ee000 JavaThread "Incoming local TCP Connector on port 59220" [_thread_in_native, id=8304, stack(0x000000001c8e0000,0x000000001c9e0000)]
  0x000000001af7a800 JavaThread "Daemon health stats" [_thread_blocked, id=12684, stack(0x000000001c5c0000,0x000000001c6c0000)]
  0x00000000191cc800 JavaThread "Service Thread" daemon [_thread_blocked, id=5900, stack(0x0000000019c20000,0x0000000019d20000)]
  0x000000001914f800 JavaThread "C1 CompilerThread2" daemon [_thread_blocked, id=13960, stack(0x0000000019b20000,0x0000000019c20000)]
  0x000000001914d800 JavaThread "C2 CompilerThread1" daemon [_thread_in_native, id=6276, stack(0x0000000019a20000,0x0000000019b20000)]
=>0x000000001914b800 JavaThread "C2 CompilerThread0" daemon [_thread_in_native, id=2760, stack(0x0000000019920000,0x0000000019a20000)]
  0x000000001913f000 JavaThread "JDWP Event Helper Thread" daemon [_thread_blocked, id=11016, stack(0x0000000019820000,0x0000000019920000)]
  0x0000000019130800 JavaThread "JDWP Transport Listener: dt_socket" daemon [_thread_in_native, id=11056, stack(0x0000000019720000,0x0000000019820000)]
  0x0000000019129000 JavaThread "Attach Listener" daemon [_thread_blocked, id=6780, stack(0x0000000019620000,0x0000000019720000)]
  0x0000000019128800 JavaThread "Signal Dispatcher" daemon [_thread_blocked, id=12888, stack(0x0000000019520000,0x0000000019620000)]
  0x000000000327b800 JavaThread "Finalizer" daemon [_thread_blocked, id=9328, stack(0x0000000019020000,0x0000000019120000)]
  0x0000000003272000 JavaThread "Reference Handler" daemon [_thread_blocked, id=696, stack(0x0000000018f20000,0x0000000019020000)]
  0x0000000003182800 JavaThread "main" [_thread_blocked, id=8032, stack(0x0000000003080000,0x0000000003180000)]

Other Threads:
  0x0000000017d88000 VMThread [stack: 0x0000000018e20000,0x0000000018f20000] [id=7852]
  0x000000001920d000 WatcherThread [stack: 0x0000000019d20000,0x0000000019e20000] [id=11052]

VM state:at safepoint (normal execution)

VM Mutex/Monitor currently owned by a thread:  ([mutex/lock_event])
[0x000000000307d390] Threads_lock - owner thread: 0x0000000017d88000
[0x0000000003181050] Heap_lock - owner thread: 0x000000001aa0c000

Heap:
 PSYoungGen      total 108544K, used 8851K [0x00000000d5e00000, 0x00000000dd800000, 0x0000000100000000)
  eden space 96256K, 0% used [0x00000000d5e00000,0x00000000d5e00000,0x00000000dbc00000)
  from space 12288K, 72% used [0x00000000dbc00000,0x00000000dc4a4ea0,0x00000000dc800000)
  to   space 11264K, 0% used [0x00000000dc800000,0x00000000dc800000,0x00000000dd300000)
 ParOldGen       total 66048K, used 12233K [0x0000000081a00000, 0x0000000085a80000, 0x00000000d5e00000)
  object space 66048K, 18% used [0x0000000081a00000,0x00000000825f24f8,0x0000000085a80000)
 Metaspace       used 34829K, capacity 35210K, committed 35416K, reserved 1081344K
  class space    used 4737K, capacity 4878K, committed 4952K, reserved 1048576K

Card table byte_map: [0x0000000012640000,0x0000000012a40000] byte_map_base: 0x0000000012233000

Marking Bits: (ParMarkBitMap*) 0x000000006521c720
 Begin Bits: [0x00000000130f0000, 0x0000000015088000)
 End Bits:   [0x0000000015088000, 0x0000000017020000)

Polling page: 0x0000000002f80000

CodeCache: size=245760Kb used=11024Kb max_used=11024Kb free=234735Kb
 bounds [0x0000000003280000, 0x0000000003d50000, 0x0000000012280000]
 total_blobs=3507 nmethods=2804 adapters=623
 compilation: enabled

Compilation events (10 events):
Event: 5.386 Thread 0x000000001914f800 2828   !   2       java.security.cert.Certificate::equals (38 bytes)
Event: 5.386 Thread 0x000000001914f800 nmethod 2828 0x0000000003d46610 code [0x0000000003d467e0, 0x0000000003d46ce8]
Event: 5.387 Thread 0x000000001914f800 2830       2       sun.security.provider.SHA2::implDigest (98 bytes)
Event: 5.387 Thread 0x000000001914f800 nmethod 2830 0x0000000003d47690 code [0x0000000003d47820, 0x0000000003d47ac8]
Event: 5.387 Thread 0x000000001914f800 2831  s    2       java.util.Hashtable::remove (133 bytes)
Event: 5.387 Thread 0x000000001914f800 nmethod 2831 0x0000000003d47c50 code [0x0000000003d47de0, 0x0000000003d48358]
Event: 5.389 Thread 0x000000001914f800 2832       2       sun.reflect.Reflection::isSubclassOf (21 bytes)
Event: 5.389 Thread 0x000000001914f800 nmethod 2832 0x0000000003d48b50 code [0x0000000003d48cc0, 0x0000000003d48ea8]
Event: 5.389 Thread 0x000000001914f800 2833       2       java.util.regex.Pattern$TreeInfo::reset (21 bytes)
Event: 5.389 Thread 0x000000001914f800 nmethod 2833 0x0000000003d48f90 code [0x0000000003d490e0, 0x0000000003d49250]

GC Heap History (10 events):
Event: 2.394 GC heap after
Heap after GC invocations=4 (full 0):
 PSYoungGen      total 71680K, used 5112K [0x00000000d5e00000, 0x00000000da900000, 0x0000000100000000)
  eden space 66560K, 0% used [0x00000000d5e00000,0x00000000d5e00000,0x00000000d9f00000)
  from space 5120K, 99% used [0x00000000da400000,0x00000000da8fe040,0x00000000da900000)
  to   space 5120K, 0% used [0x00000000d9f00000,0x00000000d9f00000,0x00000000da400000)
 ParOldGen       total 87552K, used 8180K [0x0000000081a00000, 0x0000000086f80000, 0x00000000d5e00000)
  object space 87552K, 9% used [0x0000000081a00000,0x00000000821fd3f8,0x0000000086f80000)
 Metaspace       used 20787K, capacity 21128K, committed 21248K, reserved 1067008K
  class space    used 2886K, capacity 3012K, committed 3072K, reserved 1048576K
}
Event: 2.394 GC heap before
{Heap before GC invocations=5 (full 1):
 PSYoungGen      total 71680K, used 5112K [0x00000000d5e00000, 0x00000000da900000, 0x0000000100000000)
  eden space 66560K, 0% used [0x00000000d5e00000,0x00000000d5e00000,0x00000000d9f00000)
  from space 5120K, 99% used [0x00000000da400000,0x00000000da8fe040,0x00000000da900000)
  to   space 5120K, 0% used [0x00000000d9f00000,0x00000000d9f00000,0x00000000da400000)
 ParOldGen       total 87552K, used 8180K [0x0000000081a00000, 0x0000000086f80000, 0x00000000d5e00000)
  object space 87552K, 9% used [0x0000000081a00000,0x00000000821fd3f8,0x0000000086f80000)
 Metaspace       used 20787K, capacity 21128K, committed 21248K, reserved 1067008K
  class space    used 2886K, capacity 3012K, committed 3072K, reserved 1048576K
Event: 2.428 GC heap after
Heap after GC invocations=5 (full 1):
 PSYoungGen      total 71680K, used 0K [0x00000000d5e00000, 0x00000000da900000, 0x0000000100000000)
  eden space 66560K, 0% used [0x00000000d5e00000,0x00000000d5e00000,0x00000000d9f00000)
  from space 5120K, 0% used [0x00000000da400000,0x00000000da400000,0x00000000da900000)
  to   space 5120K, 0% used [0x00000000d9f00000,0x00000000d9f00000,0x00000000da400000)
 ParOldGen       total 66048K, used 8971K [0x0000000081a00000, 0x0000000085a80000, 0x00000000d5e00000)
  object space 66048K, 13% used [0x0000000081a00000,0x00000000822c2c98,0x0000000085a80000)
 Metaspace       used 20787K, capacity 21128K, committed 21248K, reserved 1067008K
  class space    used 2886K, capacity 3012K, committed 3072K, reserved 1048576K
}
Event: 3.746 GC heap before
{Heap before GC invocations=6 (full 1):
 PSYoungGen      total 71680K, used 66560K [0x00000000d5e00000, 0x00000000da900000, 0x0000000100000000)
  eden space 66560K, 100% used [0x00000000d5e00000,0x00000000d9f00000,0x00000000d9f00000)
  from space 5120K, 0% used [0x00000000da400000,0x00000000da400000,0x00000000da900000)
  to   space 5120K, 0% used [0x00000000d9f00000,0x00000000d9f00000,0x00000000da400000)
 ParOldGen       total 66048K, used 8971K [0x0000000081a00000, 0x0000000085a80000, 0x00000000d5e00000)
  object space 66048K, 13% used [0x0000000081a00000,0x00000000822c2c98,0x0000000085a80000)
 Metaspace       used 28308K, capacity 28764K, committed 29056K, reserved 1075200K
  class space    used 3779K, capacity 3932K, committed 3968K, reserved 1048576K
Event: 3.763 GC heap after
Heap after GC invocations=6 (full 1):
 PSYoungGen      total 71680K, used 5089K [0x00000000d5e00000, 0x00000000dd300000, 0x0000000100000000)
  eden space 66560K, 0% used [0x00000000d5e00000,0x00000000d5e00000,0x00000000d9f00000)
  from space 5120K, 99% used [0x00000000d9f00000,0x00000000da3f8790,0x00000000da400000)
  to   space 11264K, 0% used [0x00000000dc800000,0x00000000dc800000,0x00000000dd300000)
 ParOldGen       total 66048K, used 12198K [0x0000000081a00000, 0x0000000085a80000, 0x00000000d5e00000)
  object space 66048K, 18% used [0x0000000081a00000,0x00000000825e98a8,0x0000000085a80000)
 Metaspace       used 28308K, capacity 28764K, committed 29056K, reserved 1075200K
  class space    used 3779K, capacity 3932K, committed 3968K, reserved 1048576K
}
Event: 4.862 GC heap before
{Heap before GC invocations=7 (full 1):
 PSYoungGen      total 71680K, used 71649K [0x00000000d5e00000, 0x00000000dd300000, 0x0000000100000000)
  eden space 66560K, 100% used [0x00000000d5e00000,0x00000000d9f00000,0x00000000d9f00000)
  from space 5120K, 99% used [0x00000000d9f00000,0x00000000da3f8790,0x00000000da400000)
  to   space 11264K, 0% used [0x00000000dc800000,0x00000000dc800000,0x00000000dd300000)
 ParOldGen       total 66048K, used 12198K [0x0000000081a00000, 0x0000000085a80000, 0x00000000d5e00000)
  object space 66048K, 18% used [0x0000000081a00000,0x00000000825e98a8,0x0000000085a80000)
 Metaspace       used 33247K, capacity 33752K, committed 33920K, reserved 1079296K
  class space    used 4554K, capacity 4715K, committed 4736K, reserved 1048576K
Event: 4.886 GC heap after
Heap after GC invocations=7 (full 1):
 PSYoungGen      total 107520K, used 9986K [0x00000000d5e00000, 0x00000000dd800000, 0x0000000100000000)
  eden space 96256K, 0% used [0x00000000d5e00000,0x00000000d5e00000,0x00000000dbc00000)
  from space 11264K, 88% used [0x00000000dc800000,0x00000000dd1c0b50,0x00000000dd300000)
  to   space 12288K, 0% used [0x00000000dbc00000,0x00000000dbc00000,0x00000000dc800000)
 ParOldGen       total 66048K, used 12206K [0x0000000081a00000, 0x0000000085a80000, 0x00000000d5e00000)
  object space 66048K, 18% used [0x0000000081a00000,0x00000000825eb8a8,0x0000000085a80000)
 Metaspace       used 33247K, capacity 33752K, committed 33920K, reserved 1079296K
  class space    used 4554K, capacity 4715K, committed 4736K, reserved 1048576K
}
Event: 5.390 GC heap before
{Heap before GC invocations=8 (full 1):
 PSYoungGen      total 107520K, used 26633K [0x00000000d5e00000, 0x00000000dd800000, 0x0000000100000000)
  eden space 96256K, 17% used [0x00000000d5e00000,0x00000000d6e419d0,0x00000000dbc00000)
  from space 11264K, 88% used [0x00000000dc800000,0x00000000dd1c0b50,0x00000000dd300000)
  to   space 12288K, 0% used [0x00000000dbc00000,0x00000000dbc00000,0x00000000dc800000)
 ParOldGen       total 66048K, used 12206K [0x0000000081a00000, 0x0000000085a80000, 0x00000000d5e00000)
  object space 66048K, 18% used [0x0000000081a00000,0x00000000825eb8a8,0x0000000085a80000)
 Metaspace       used 34829K, capacity 35210K, committed 35416K, reserved 1081344K
  class space    used 4737K, capacity 4878K, committed 4952K, reserved 1048576K
Event: 5.401 GC heap after
Heap after GC invocations=8 (full 1):
 PSYoungGen      total 108544K, used 8851K [0x00000000d5e00000, 0x00000000dd800000, 0x0000000100000000)
  eden space 96256K, 0% used [0x00000000d5e00000,0x00000000d5e00000,0x00000000dbc00000)
  from space 12288K, 72% used [0x00000000dbc00000,0x00000000dc4a4ea0,0x00000000dc800000)
  to   space 11264K, 0% used [0x00000000dc800000,0x00000000dc800000,0x00000000dd300000)
 ParOldGen       total 66048K, used 12233K [0x0000000081a00000, 0x0000000085a80000, 0x00000000d5e00000)
  object space 66048K, 18% used [0x0000000081a00000,0x00000000825f24f8,0x0000000085a80000)
 Metaspace       used 34829K, capacity 35210K, committed 35416K, reserved 1081344K
  class space    used 4737K, capacity 4878K, committed 4952K, reserved 1048576K
}
Event: 5.402 GC heap before
{Heap before GC invocations=9 (full 2):
 PSYoungGen      total 108544K, used 8851K [0x00000000d5e00000, 0x00000000dd800000, 0x0000000100000000)
  eden space 96256K, 0% used [0x00000000d5e00000,0x00000000d5e00000,0x00000000dbc00000)
  from space 12288K, 72% used [0x00000000dbc00000,0x00000000dc4a4ea0,0x00000000dc800000)
  to   space 11264K, 0% used [0x00000000dc800000,0x00000000dc800000,0x00000000dd300000)
 ParOldGen       total 66048K, used 12233K [0x0000000081a00000, 0x0000000085a80000, 0x00000000d5e00000)
  object space 66048K, 18% used [0x0000000081a00000,0x00000000825f24f8,0x0000000085a80000)
 Metaspace       used 34829K, capacity 35210K, committed 35416K, reserved 1081344K
  class space    used 4737K, capacity 4878K, committed 4952K, reserved 1048576K

Deoptimization events (10 events):
Event: 4.574 Thread 0x000000001aa0c000 Uncommon trap: reason=class_check action=maybe_recompile pc=0x0000000003bd6fc8 method=java.io.BufferedInputStream.read1([BII)I @ 39
Event: 4.574 Thread 0x000000001aa0c000 Uncommon trap: reason=class_check action=maybe_recompile pc=0x0000000003bd6fc8 method=java.io.BufferedInputStream.read1([BII)I @ 39
Event: 4.575 Thread 0x000000001aa0c000 Uncommon trap: reason=class_check action=maybe_recompile pc=0x0000000003bd6fc8 method=java.io.BufferedInputStream.read1([BII)I @ 39
Event: 4.575 Thread 0x000000001aa0c000 Uncommon trap: reason=class_check action=maybe_recompile pc=0x0000000003bd6fc8 method=java.io.BufferedInputStream.read1([BII)I @ 39
Event: 4.636 Thread 0x000000001aa0c000 Uncommon trap: reason=unstable_if action=reinterpret pc=0x0000000003766670 method=sun.nio.cs.UTF_8$Decoder.decodeArrayLoop(Ljava/nio/ByteBuffer;Ljava/nio/CharBuffer;)Ljava/nio/charset/CoderResult; @ 84
Event: 4.637 Thread 0x000000001aa0c000 Uncommon trap: reason=unstable_if action=reinterpret pc=0x00000000033c0a00 method=java.lang.CharacterData.of(I)Ljava/lang/CharacterData; @ 4
Event: 4.651 Thread 0x000000001aa0c000 Uncommon trap: reason=unstable_if action=reinterpret pc=0x0000000003cd6918 method=sun.nio.cs.UTF_8$Decoder.decodeArrayLoop(Ljava/nio/ByteBuffer;Ljava/nio/CharBuffer;)Ljava/nio/charset/CoderResult; @ 84
Event: 4.670 Thread 0x000000001aa0c000 Uncommon trap: reason=unstable_if action=reinterpret pc=0x0000000003ce97e8 method=org.apache.http.conn.util.PublicSuffixListParser.readLine(Ljava/io/Reader;Ljava/lang/StringBuilder;)Z @ 15
Event: 4.940 Thread 0x000000001aa0c000 Uncommon trap: reason=unstable_if action=reinterpret pc=0x0000000003c5f7c8 method=java.net.URI$Parser.scan(IILjava/lang/String;Ljava/lang/String;)I @ 23
Event: 5.077 Thread 0x000000001aa0c000 Uncommon trap: reason=unstable_if action=reinterpret pc=0x0000000003c2046c method=java.lang.CharacterDataLatin1.digit(II)I @ 82

Internal exceptions (10 events):
Event: 3.900 Thread 0x000000001aa0c000 Exception <a 'java/lang/ClassNotFoundException': org/gradle/api/internal/DefaultDomainObjectCollectionCustomizer> (0x00000000d65b8cf0) thrown at [C:\re\workspace\8-2-build-windows-amd64-cygwin\jdk8u131\8869\hotspot\src\share\vm\classfile\systemDictionary.
Event: 3.902 Thread 0x000000001aa0c000 Exception <a 'java/lang/ClassNotFoundException': org/gradle/api/internal/DefaultNamedDomainObjectCollectionCustomizer> (0x00000000d660a6a8) thrown at [C:\re\workspace\8-2-build-windows-amd64-cygwin\jdk8u131\8869\hotspot\src\share\vm\classfile\systemDictio
Event: 3.906 Thread 0x000000001aa0c000 Exception <a 'java/lang/ClassNotFoundException': org/gradle/api/internal/DefaultNamedDomainObjectListCustomizer> (0x00000000d665df68) thrown at [C:\re\workspace\8-2-build-windows-amd64-cygwin\jdk8u131\8869\hotspot\src\share\vm\classfile\systemDictionary.c
Event: 3.909 Thread 0x000000001aa0c000 Exception <a 'java/lang/ClassNotFoundException': org/gradle/api/internal/artifacts/DefaultArtifactRepositoryContainerCustomizer> (0x00000000d66c3718) thrown at [C:\re\workspace\8-2-build-windows-amd64-cygwin\jdk8u131\8869\hotspot\src\share\vm\classfile\sy
Event: 3.910 Thread 0x000000001aa0c000 Exception <a 'java/lang/ClassNotFoundException': org/gradle/api/internal/artifacts/dsl/DefaultRepositoryHandlerCustomizer> (0x00000000d671bb98) thrown at [C:\re\workspace\8-2-build-windows-amd64-cygwin\jdk8u131\8869\hotspot\src\share\vm\classfile\systemDi
Event: 3.913 Thread 0x000000001aa0c000 Exception <a 'java/lang/ClassNotFoundException': org/gradle/api/internal/artifacts/dsl/DefaultRepositoryHandler_DecoratedCustomizer> (0x00000000d677b7a0) thrown at [C:\re\workspace\8-2-build-windows-amd64-cygwin\jdk8u131\8869\hotspot\src\share\vm\classfil
Event: 4.096 Thread 0x000000001aa0c000 Exception <a 'java/lang/ClassNotFoundException': org/gradle/api/internal/artifacts/dsl/dependencies/DefaultDependencyHandler_DecoratedBeanInfo> (0x00000000d77da868) thrown at [C:\re\workspace\8-2-build-windows-amd64-cygwin\jdk8u131\8869\hotspot\src\share\
Event: 4.097 Thread 0x000000001aa0c000 Exception <a 'java/lang/ClassNotFoundException': org/gradle/api/internal/artifacts/dsl/dependencies/DefaultDependencyHandlerBeanInfo> (0x00000000d781d178) thrown at [C:\re\workspace\8-2-build-windows-amd64-cygwin\jdk8u131\8869\hotspot\src\share\vm\classfi
Event: 4.098 Thread 0x000000001aa0c000 Exception <a 'java/lang/ClassNotFoundException': org/gradle/api/internal/artifacts/dsl/dependencies/DefaultDependencyHandlerCustomizer> (0x00000000d7860698) thrown at [C:\re\workspace\8-2-build-windows-amd64-cygwin\jdk8u131\8869\hotspot\src\share\vm\class
Event: 4.100 Thread 0x000000001aa0c000 Exception <a 'java/lang/ClassNotFoundException': org/gradle/api/internal/artifacts/dsl/dependencies/DefaultDependencyHandler_DecoratedCustomizer> (0x00000000d78c7910) thrown at [C:\re\workspace\8-2-build-windows-amd64-cygwin\jdk8u131\8869\hotspot\src\shar

Events (10 events):
Event: 5.389 loading class javax/crypto/Cipher$Transform done
Event: 5.389 loading class sun/security/ssl/CipherBox$1
Event: 5.389 loading class sun/security/ssl/CipherBox$1 done
Event: 5.389 loading class javax/crypto/spec/GCMParameterSpec
Event: 5.389 loading class javax/crypto/spec/GCMParameterSpec done
Event: 5.389 loading class com/sun/crypto/provider/AESCipher$General
Event: 5.389 loading class com/sun/crypto/provider/AESCipher$General done
Event: 5.390 loading class com/sun/crypto/provider/AESCipher
Event: 5.390 loading class com/sun/crypto/provider/AESCipher done
Event: 5.390 Executing VM operation: CollectForMetadataAllocation


Dynamic libraries:
0x00007ff64d420000 - 0x00007ff64d457000 	D:\Program Files\Java\jdk1.8.0_131\bin\java.exe
0x00007ff922950000 - 0x00007ff922b31000 	C:\WINDOWS\SYSTEM32\ntdll.dll
0x00007ff91fe70000 - 0x00007ff91ff22000 	C:\WINDOWS\System32\KERNEL32.DLL
0x00007ff91f050000 - 0x00007ff91f2c3000 	C:\WINDOWS\System32\KERNELBASE.dll
0x00007ff922420000 - 0x00007ff9224c1000 	C:\WINDOWS\System32\ADVAPI32.dll
0x00007ff922370000 - 0x00007ff92240e000 	C:\WINDOWS\System32\msvcrt.dll
0x00007ff9209e0000 - 0x00007ff920a3b000 	C:\WINDOWS\System32\sechost.dll
0x00007ff9201f0000 - 0x00007ff920314000 	C:\WINDOWS\System32\RPCRT4.dll
0x00007ff9221e0000 - 0x00007ff922370000 	C:\WINDOWS\System32\USER32.dll
0x00007ff91ee90000 - 0x00007ff91eeb0000 	C:\WINDOWS\System32\win32u.dll
0x00007ff920320000 - 0x00007ff920348000 	C:\WINDOWS\System32\GDI32.dll
0x00007ff91eeb0000 - 0x00007ff91f042000 	C:\WINDOWS\System32\gdi32full.dll
0x00007ff91ed20000 - 0x00007ff91edbf000 	C:\WINDOWS\System32\msvcp_win.dll
0x00007ff91f4c0000 - 0x00007ff91f5ba000 	C:\WINDOWS\System32\ucrtbase.dll
0x00007ff911b80000 - 0x00007ff911de9000 	C:\WINDOWS\WinSxS\amd64_microsoft.windows.common-controls_6595b64144ccf1df_6.0.17134.472_none_fb3f9af53068156d\COMCTL32.dll
0x00007ff9203d0000 - 0x00007ff9206f2000 	C:\WINDOWS\System32\combase.dll
0x00007ff91edc0000 - 0x00007ff91ee3a000 	C:\WINDOWS\System32\bcryptPrimitives.dll
0x00007ff920830000 - 0x00007ff92085d000 	C:\WINDOWS\System32\IMM32.DLL
0x0000000066700000 - 0x00000000667d2000 	D:\Program Files\Java\jdk1.8.0_131\jre\bin\msvcr100.dll
0x0000000064a00000 - 0x000000006529c000 	D:\Program Files\Java\jdk1.8.0_131\jre\bin\server\jvm.dll
0x00007ff922410000 - 0x00007ff922418000 	C:\WINDOWS\System32\PSAPI.DLL
0x00007ff91ca30000 - 0x00007ff91ca53000 	C:\WINDOWS\SYSTEM32\WINMM.dll
0x00007ff90f6d0000 - 0x00007ff90f6da000 	C:\WINDOWS\SYSTEM32\VERSION.dll
0x00007ff8fa4b0000 - 0x00007ff8fa4b9000 	C:\WINDOWS\SYSTEM32\WSOCK32.dll
0x00007ff91fe00000 - 0x00007ff91fe6c000 	C:\WINDOWS\System32\WS2_32.dll
0x00007ff91c810000 - 0x00007ff91c83a000 	C:\WINDOWS\SYSTEM32\winmmbase.dll
0x00007ff91ee40000 - 0x00007ff91ee89000 	C:\WINDOWS\System32\cfgmgr32.dll
0x00000000666f0000 - 0x00000000666ff000 	D:\Program Files\Java\jdk1.8.0_131\jre\bin\verify.dll
0x00000000666c0000 - 0x00000000666e9000 	D:\Program Files\Java\jdk1.8.0_131\jre\bin\java.dll
0x00000000665e0000 - 0x0000000066615000 	D:\Program Files\Java\jdk1.8.0_131\jre\bin\jdwp.dll
0x00000000665d0000 - 0x00000000665d8000 	D:\Program Files\Java\jdk1.8.0_131\jre\bin\npt.dll
0x00000000666a0000 - 0x00000000666b6000 	D:\Program Files\Java\jdk1.8.0_131\jre\bin\zip.dll
0x00007ff920c50000 - 0x00007ff922090000 	C:\WINDOWS\System32\SHELL32.dll
0x00007ff920a40000 - 0x00007ff920ae9000 	C:\WINDOWS\System32\shcore.dll
0x00007ff91f5c0000 - 0x00007ff91fccd000 	C:\WINDOWS\System32\windows.storage.dll
0x00007ff91ff50000 - 0x00007ff91ffa1000 	C:\WINDOWS\System32\shlwapi.dll
0x00007ff91ecc0000 - 0x00007ff91ecd1000 	C:\WINDOWS\System32\kernel.appcore.dll
0x00007ff91ece0000 - 0x00007ff91ecff000 	C:\WINDOWS\System32\profapi.dll
0x00007ff91ec70000 - 0x00007ff91ecbc000 	C:\WINDOWS\System32\powrprof.dll
0x00007ff91ec60000 - 0x00007ff91ec6a000 	C:\WINDOWS\System32\FLTLIB.DLL
0x00000000665c0000 - 0x00000000665c9000 	D:\Program Files\Java\jdk1.8.0_131\jre\bin\dt_socket.dll
0x00007ff91e480000 - 0x00007ff91e4e6000 	C:\WINDOWS\system32\mswsock.dll
0x0000000066680000 - 0x000000006669a000 	D:\Program Files\Java\jdk1.8.0_131\jre\bin\net.dll
0x0000000066660000 - 0x0000000066671000 	D:\Program Files\Java\jdk1.8.0_131\jre\bin\nio.dll
0x00007ff910910000 - 0x00007ff91092e000 	C:\Users\Administrator\.gradle\native\25\windows-amd64\native-platform.dll
0x0000000066650000 - 0x000000006665d000 	D:\Program Files\Java\jdk1.8.0_131\jre\bin\management.dll
0x00007ff91e630000 - 0x00007ff91e647000 	C:\WINDOWS\SYSTEM32\CRYPTSP.dll
0x00007ff91e060000 - 0x00007ff91e093000 	C:\WINDOWS\system32\rsaenh.dll
0x00007ff91e760000 - 0x00007ff91e785000 	C:\WINDOWS\SYSTEM32\bcrypt.dll
0x00007ff91eb90000 - 0x00007ff91ebb8000 	C:\WINDOWS\SYSTEM32\USERENV.dll
0x00007ff91e650000 - 0x00007ff91e65b000 	C:\WINDOWS\SYSTEM32\CRYPTBASE.dll
0x00007ff91e200000 - 0x00007ff91e238000 	C:\WINDOWS\SYSTEM32\IPHLPAPI.DLL
0x00007ff91fde0000 - 0x00007ff91fde8000 	C:\WINDOWS\System32\NSI.dll
0x00007ff915b60000 - 0x00007ff915b76000 	C:\WINDOWS\SYSTEM32\dhcpcsvc6.DLL
0x00007ff915b40000 - 0x00007ff915b5a000 	C:\WINDOWS\SYSTEM32\dhcpcsvc.DLL
0x0000000064830000 - 0x0000000064854000 	D:\Program Files\Java\jdk1.8.0_131\jre\bin\sunec.dll
0x00007ff91e240000 - 0x00007ff91e2fe000 	C:\WINDOWS\SYSTEM32\DNSAPI.dll
0x00007ff913520000 - 0x00007ff91352a000 	C:\Windows\System32\rasadhlp.dll
0x00007ff913cb0000 - 0x00007ff913d22000 	C:\WINDOWS\System32\fwpuclnt.dll
0x00000000665b0000 - 0x00000000665bb000 	D:\Program Files\Java\jdk1.8.0_131\jre\bin\sunmscapi.dll
0x00007ff91f2d0000 - 0x00007ff91f4b2000 	C:\WINDOWS\System32\CRYPT32.dll
0x00007ff91ed00000 - 0x00007ff91ed12000 	C:\WINDOWS\System32\MSASN1.dll

VM Arguments:
jvm_args: -agentlib:jdwp=transport=dt_socket,server=y,suspend=n,address=5005 -Dfile.encoding=GBK -Duser.country=CN -Duser.language=zh -Duser.variant 
java_command: org.gradle.launcher.daemon.bootstrap.GradleDaemon 4.1
java_class_path (initial): C:\Users\Administrator\.gradle\wrapper\dists\gradle-4.1-all\bzyivzo6n839fup2jbap0tjew\gradle-4.1\lib\gradle-launcher-4.1.jar
Launcher Type: SUN_STANDARD

Environment Variables:
JAVA_HOME=D:\Program Files\Java\jdk1.8.0_131
CLASSPATH=C:\Users\Administrator\.gradle\wrapper\dists\gradle-4.1-all\bzyivzo6n839fup2jbap0tjew\gradle-4.1\bin\..\lib\gradle-launcher-4.1.jar
PATH=D:\Program Files\Java\jdk1.8.0_131\bin;D:\Program Files\Java\jdk1.8.0_131\jre\bin;C:\ProgramData\Oracle\Java\javapath;C:\WINDOWS\system32;C:\WINDOWS;C:\WINDOWS\System32\Wbem;C:\WINDOWS\System32\WindowsPowerShell\v1.0\;C:\WINDOWS\System32\OpenSSH\;E:\Program Files\Git\cmd;C:\Users\Administrator\AppData\Local\Programs\Python\Python37\Scripts\;C:\Users\Administrator\AppData\Local\Programs\Python\Python37\;C:\Users\Administrator\AppData\Local\Microsoft\WindowsApps;C:\Users\Administrator\.gradle\wrapper\dists\gradle-4.1-all\bzyivzo6n839fup2jbap0tjew\gradle-4.1\bin;D:\androidSDK\build-tools;D:\androidSDK\platform-tools;D:\androidSDK\ndk-bundle;
USERNAME=Administrator
OS=Windows_NT
PROCESSOR_IDENTIFIER=Intel64 Family 6 Model 158 Stepping 9, GenuineIntel



---------------  S Y S T E M  ---------------

OS: Windows 10.0 , 64 bit Build 17134 (10.0.17134.1)

CPU:total 4 (initial active 4) (4 cores per cpu, 1 threads per core) family 6 model 158 stepping 9, cmov, cx8, fxsr, mmx, sse, sse2, sse3, ssse3, sse4.1, sse4.2, popcnt, avx, avx2, aes, clmul, erms, rtm, 3dnowpref, lzcnt, tsc, tscinvbit, bmi1, bmi2, adx

Memory: 4k page, physical 8278116k(459544k free), swap 14920288k(1000k free)

vm_info: Java HotSpot(TM) 64-Bit Server VM (25.131-b11) for windows-amd64 JRE (1.8.0_131-b11), built on Mar 15 2017 01:23:53 by "java_re" with MS VC++ 10.0 (VS2010)

time: Thu Jan 31 18:33:05 2019
elapsed time: 5 seconds (0d 0h 0m 5s)

